{"/var/www/html/resources/js/Components/ApplicationLogo.tsx": {"path":"/var/www/html/resources/js/Components/ApplicationLogo.tsx","statementMap":{"0":{"start":{"line":2,"column":4},"end":{"line":8,"column":6}},"1":{"start":{"line":1,"column":0},"end":{"line":1,"column":24}}},"fnMap":{"0":{"name":"ApplicationLogo","decl":{"start":{"line":1,"column":24},"end":{"line":1,"column":39}},"loc":{"start":{"line":1,"column":39},"end":{"line":8,"column":6}}}},"branchMap":{},"s":{"0":4,"1":1},"f":{"0":4},"b":{}}
,"/var/www/html/resources/js/Components/PrimaryButton.tsx": {"path":"/var/www/html/resources/js/Components/PrimaryButton.tsx","statementMap":{"0":{"start":{"line":4,"column":4},"end":{"line":19,"column":6}},"1":{"start":{"line":3,"column":0},"end":{"line":3,"column":24}}},"fnMap":{"0":{"name":"PrimaryButton","decl":{"start":{"line":3,"column":24},"end":{"line":3,"column":37}},"loc":{"start":{"line":3,"column":127},"end":{"line":20,"column":1}}}},"branchMap":{"0":{"loc":{"start":{"line":3,"column":40},"end":{"line":3,"column":54}},"type":"default-arg","locations":[{"start":{"line":3,"column":52},"end":{"line":3,"column":54}}]},"1":{"loc":{"start":{"line":9,"column":20},"end":{"line":9,"column":null}},"type":"binary-expr","locations":[{"start":{"line":9,"column":20},"end":{"line":9,"column":28}},{"start":{"line":9,"column":32},"end":{"line":9,"column":null}}]}},"s":{"0":6,"1":1},"f":{"0":6},"b":{"0":[0],"1":[6,0]}}
,"/var/www/html/resources/js/Layouts/BasicLayout.tsx": {"path":"/var/www/html/resources/js/Layouts/BasicLayout.tsx","statementMap":{"0":{"start":{"line":1,"column":0},"end":{"line":1,"column":40}},"1":{"start":{"line":3,"column":0},"end":{"line":3,"column":59}},"2":{"start":{"line":6,"column":4},"end":{"line":18,"column":6}},"3":{"start":{"line":5,"column":0},"end":{"line":5,"column":24}}},"fnMap":{"0":{"name":"BasicLayout","decl":{"start":{"line":5,"column":24},"end":{"line":5,"column":35}},"loc":{"start":{"line":5,"column":67},"end":{"line":19,"column":1}}}},"branchMap":{},"s":{"0":1,"1":1,"2":4,"3":1},"f":{"0":4},"b":{}}
,"/var/www/html/resources/js/Pages/Parts/ProgressBar.tsx": {"path":"/var/www/html/resources/js/Pages/Parts/ProgressBar.tsx","statementMap":{"0":{"start":{"line":1,"column":0},"end":{"line":1,"column":36}},"1":{"start":{"line":2,"column":0},"end":{"line":2,"column":44}},"2":{"start":{"line":10,"column":20},"end":{"line":62,"column":1}},"3":{"start":{"line":11,"column":34},"end":{"line":11,"column":47}},"4":{"start":{"line":12,"column":31},"end":{"line":12,"column":54}},"5":{"start":{"line":14,"column":2},"end":{"line":29,"column":12}},"6":{"start":{"line":17,"column":4},"end":{"line":24,"column":null}},"7":{"start":{"line":18,"column":4},"end":{"line":20,"column":44}},"8":{"start":{"line":19,"column":6},"end":{"line":19,"column":70}},"9":{"start":{"line":19,"column":34},"end":{"line":19,"column":68}},"10":{"start":{"line":22,"column":4},"end":{"line":24,"column":13}},"11":{"start":{"line":23,"column":6},"end":{"line":23,"column":41}},"12":{"start":{"line":23,"column":28},"end":{"line":23,"column":39}},"13":{"start":{"line":26,"column":4},"end":{"line":28,"column":6}},"14":{"start":{"line":27,"column":6},"end":{"line":27,"column":30}},"15":{"start":{"line":32,"column":2},"end":{"line":34,"column":null}},"16":{"start":{"line":33,"column":4},"end":{"line":33,"column":20}},"17":{"start":{"line":40,"column":2},"end":{"line":61,"column":4}},"18":{"start":{"line":64,"column":0},"end":{"line":64,"column":27}}},"fnMap":{"0":{"name":"(anonymous_0)","decl":{"start":{"line":10,"column":20},"end":{"line":10,"column":21}},"loc":{"start":{"line":10,"column":63},"end":{"line":62,"column":1}}},"1":{"name":"(anonymous_1)","decl":{"start":{"line":14,"column":12},"end":{"line":14,"column":15}},"loc":{"start":{"line":14,"column":17},"end":{"line":29,"column":3}}},"2":{"name":"(anonymous_2)","decl":{"start":{"line":18,"column":27},"end":{"line":18,"column":30}},"loc":{"start":{"line":18,"column":32},"end":{"line":20,"column":5}}},"3":{"name":"(anonymous_3)","decl":{"start":{"line":19,"column":18},"end":{"line":19,"column":30}},"loc":{"start":{"line":19,"column":34},"end":{"line":19,"column":68}}},"4":{"name":"(anonymous_4)","decl":{"start":{"line":22,"column":27},"end":{"line":22,"column":30}},"loc":{"start":{"line":22,"column":32},"end":{"line":24,"column":5}}},"5":{"name":"(anonymous_5)","decl":{"start":{"line":23,"column":17},"end":{"line":23,"column":24}},"loc":{"start":{"line":23,"column":28},"end":{"line":23,"column":39}}},"6":{"name":"(anonymous_6)","decl":{"start":{"line":26,"column":11},"end":{"line":26,"column":14}},"loc":{"start":{"line":26,"column":16},"end":{"line":28,"column":5}}}},"branchMap":{"0":{"loc":{"start":{"line":17,"column":4},"end":{"line":24,"column":null}},"type":"if","locations":[{"start":{"line":17,"column":4},"end":{"line":24,"column":null}}]},"1":{"loc":{"start":{"line":32,"column":2},"end":{"line":34,"column":null}},"type":"if","locations":[{"start":{"line":32,"column":2},"end":{"line":34,"column":null}}]},"2":{"loc":{"start":{"line":51,"column":27},"end":{"line":51,"column":51}},"type":"cond-expr","locations":[{"start":{"line":51,"column":39},"end":{"line":51,"column":44}},{"start":{"line":51,"column":45},"end":{"line":51,"column":51}}]}},"s":{"0":1,"1":1,"2":1,"3":2,"4":2,"5":2,"6":2,"7":2,"8":0,"9":0,"10":2,"11":0,"12":0,"13":2,"14":2,"15":2,"16":0,"17":2,"18":1},"f":{"0":2,"1":2,"2":0,"3":0,"4":0,"5":0,"6":2},"b":{"0":[2],"1":[0],"2":[0,2]}}
,"/var/www/html/resources/js/Pages/Parts/WorkSolveForm.tsx": {"path":"/var/www/html/resources/js/Pages/Parts/WorkSolveForm.tsx","statementMap":{"0":{"start":{"line":1,"column":0},"end":{"line":1,"column":33}},"1":{"start":{"line":2,"column":0},"end":{"line":2,"column":44}},"2":{"start":{"line":4,"column":0},"end":{"line":4,"column":55}},"3":{"start":{"line":5,"column":0},"end":{"line":5,"column":52}},"4":{"start":{"line":6,"column":0},"end":{"line":6,"column":66}},"5":{"start":{"line":7,"column":0},"end":{"line":7,"column":64}},"6":{"start":{"line":8,"column":0},"end":{"line":8,"column":39}},"7":{"start":{"line":9,"column":0},"end":{"line":9,"column":40}},"8":{"start":{"line":10,"column":0},"end":{"line":10,"column":48}},"9":{"start":{"line":13,"column":22},"end":{"line":143,"column":1}},"10":{"start":{"line":14,"column":25},"end":{"line":14,"column":36}},"11":{"start":{"line":15,"column":39},"end":{"line":15,"column":50}},"12":{"start":{"line":16,"column":38},"end":{"line":16,"column":53}},"13":{"start":{"line":17,"column":45},"end":{"line":17,"column":59}},"14":{"start":{"line":18,"column":47},"end":{"line":18,"column":62}},"15":{"start":{"line":19,"column":44},"end":{"line":19,"column":58}},"16":{"start":{"line":21,"column":28},"end":{"line":23,"column":6}},"17":{"start":{"line":25,"column":28},"end":{"line":39,"column":5}},"18":{"start":{"line":26,"column":8},"end":{"line":37,"column":null}},"19":{"start":{"line":27,"column":8},"end":{"line":27,"column":22}},"20":{"start":{"line":28,"column":8},"end":{"line":28,"column":31}},"21":{"start":{"line":29,"column":8},"end":{"line":29,"column":34}},"22":{"start":{"line":30,"column":8},"end":{"line":30,"column":30}},"23":{"start":{"line":31,"column":8},"end":{"line":31,"column":28}},"24":{"start":{"line":33,"column":14},"end":{"line":37,"column":null}},"25":{"start":{"line":34,"column":8},"end":{"line":34,"column":null}},"26":{"start":{"line":35,"column":14},"end":{"line":37,"column":null}},"27":{"start":{"line":36,"column":8},"end":{"line":36,"column":null}},"28":{"start":{"line":41,"column":17},"end":{"line":41,"column":27}},"29":{"start":{"line":42,"column":29},"end":{"line":42,"column":53}},"30":{"start":{"line":44,"column":25},"end":{"line":44,"column":62}},"31":{"start":{"line":45,"column":27},"end":{"line":45,"column":66}},"32":{"start":{"line":48,"column":31},"end":{"line":60,"column":5}},"33":{"start":{"line":49,"column":8},"end":{"line":56,"column":null}},"34":{"start":{"line":50,"column":8},"end":{"line":50,"column":38}},"35":{"start":{"line":51,"column":8},"end":{"line":51,"column":27}},"36":{"start":{"line":52,"column":8},"end":{"line":52,"column":40}},"37":{"start":{"line":53,"column":8},"end":{"line":53,"column":28}},"38":{"start":{"line":54,"column":10},"end":{"line":56,"column":null}},"39":{"start":{"line":55,"column":8},"end":{"line":55,"column":30}},"40":{"start":{"line":57,"column":4},"end":{"line":57,"column":28}},"41":{"start":{"line":58,"column":4},"end":{"line":58,"column":29}},"42":{"start":{"line":59,"column":4},"end":{"line":59,"column":27}},"43":{"start":{"line":62,"column":30},"end":{"line":67,"column":5}},"44":{"start":{"line":63,"column":8},"end":{"line":63,"column":31}},"45":{"start":{"line":64,"column":8},"end":{"line":64,"column":32}},"46":{"start":{"line":65,"column":8},"end":{"line":65,"column":33}},"47":{"start":{"line":70,"column":8},"end":{"line":70,"column":27}},"48":{"start":{"line":71,"column":8},"end":{"line":74,"column":null}},"49":{"start":{"line":72,"column":8},"end":{"line":72,"column":68}},"50":{"start":{"line":74,"column":12},"end":{"line":74,"column":74}},"51":{"start":{"line":78,"column":4},"end":{"line":142,"column":null}},"52":{"start":{"line":94,"column":33},"end":{"line":94,"column":65}},"53":{"start":{"line":95,"column":34},"end":{"line":95,"column":84}},"54":{"start":{"line":96,"column":12},"end":{"line":113,"column":null}},"55":{"start":{"line":104,"column":30},"end":{"line":104,"column":53}},"56":{"start":{"line":118,"column":22},"end":{"line":118,"column":45}},"57":{"start":{"line":145,"column":0},"end":{"line":145,"column":29}}},"fnMap":{"0":{"name":"(anonymous_1)","decl":{"start":{"line":13,"column":22},"end":{"line":13,"column":23}},"loc":{"start":{"line":13,"column":85},"end":{"line":143,"column":1}}},"1":{"name":"(anonymous_2)","decl":{"start":{"line":25,"column":28},"end":{"line":25,"column":30}},"loc":{"start":{"line":25,"column":47},"end":{"line":39,"column":5}}},"2":{"name":"(anonymous_3)","decl":{"start":{"line":48,"column":31},"end":{"line":48,"column":32}},"loc":{"start":{"line":48,"column":44},"end":{"line":60,"column":5}}},"3":{"name":"(anonymous_4)","decl":{"start":{"line":62,"column":30},"end":{"line":62,"column":33}},"loc":{"start":{"line":62,"column":35},"end":{"line":67,"column":5}}},"4":{"name":"submit","decl":{"start":{"line":69,"column":13},"end":{"line":69,"column":19}},"loc":{"start":{"line":69,"column":54},"end":{"line":75,"column":9}}},"5":{"name":"(anonymous_6)","decl":{"start":{"line":93,"column":21},"end":{"line":93,"column":22}},"loc":{"start":{"line":93,"column":33},"end":{"line":114,"column":9}}},"6":{"name":"(anonymous_7)","decl":{"start":{"line":104,"column":25},"end":{"line":104,"column":27}},"loc":{"start":{"line":104,"column":29},"end":{"line":104,"column":53}}},"7":{"name":"(anonymous_8)","decl":{"start":{"line":118,"column":17},"end":{"line":118,"column":19}},"loc":{"start":{"line":118,"column":21},"end":{"line":118,"column":45}}}},"branchMap":{"0":{"loc":{"start":{"line":26,"column":8},"end":{"line":37,"column":null}},"type":"if","locations":[{"start":{"line":26,"column":8},"end":{"line":37,"column":null}},{"start":{"line":33,"column":14},"end":{"line":37,"column":null}}]},"1":{"loc":{"start":{"line":33,"column":14},"end":{"line":37,"column":null}},"type":"if","locations":[{"start":{"line":33,"column":14},"end":{"line":37,"column":null}},{"start":{"line":35,"column":14},"end":{"line":37,"column":null}}]},"2":{"loc":{"start":{"line":35,"column":14},"end":{"line":37,"column":null}},"type":"if","locations":[{"start":{"line":35,"column":14},"end":{"line":37,"column":null}}]},"3":{"loc":{"start":{"line":49,"column":8},"end":{"line":56,"column":null}},"type":"if","locations":[{"start":{"line":49,"column":8},"end":{"line":56,"column":null}},{"start":{"line":54,"column":10},"end":{"line":56,"column":null}}]},"4":{"loc":{"start":{"line":49,"column":11},"end":{"line":49,"column":45}},"type":"binary-expr","locations":[{"start":{"line":49,"column":11},"end":{"line":49,"column":28}},{"start":{"line":49,"column":32},"end":{"line":49,"column":45}}]},"5":{"loc":{"start":{"line":54,"column":10},"end":{"line":56,"column":null}},"type":"if","locations":[{"start":{"line":54,"column":10},"end":{"line":56,"column":null}}]},"6":{"loc":{"start":{"line":54,"column":13},"end":{"line":54,"column":46}},"type":"binary-expr","locations":[{"start":{"line":54,"column":13},"end":{"line":54,"column":29}},{"start":{"line":54,"column":33},"end":{"line":54,"column":46}}]},"7":{"loc":{"start":{"line":71,"column":8},"end":{"line":74,"column":null}},"type":"if","locations":[{"start":{"line":71,"column":8},"end":{"line":74,"column":null}},{"start":{"line":73,"column":12},"end":{"line":74,"column":null}}]},"8":{"loc":{"start":{"line":86,"column":9},"end":{"line":89,"column":null}},"type":"binary-expr","locations":[{"start":{"line":86,"column":9},"end":{"line":86,"column":21}},{"start":{"line":86,"column":25},"end":{"line":89,"column":null}}]},"9":{"loc":{"start":{"line":94,"column":33},"end":{"line":94,"column":65}},"type":"cond-expr","locations":[{"start":{"line":94,"column":53},"end":{"line":94,"column":57}},{"start":{"line":94,"column":60},"end":{"line":94,"column":65}}]},"10":{"loc":{"start":{"line":95,"column":34},"end":{"line":95,"column":84}},"type":"cond-expr","locations":[{"start":{"line":95,"column":49},"end":{"line":95,"column":65}},{"start":{"line":95,"column":67},"end":{"line":95,"column":84}}]},"11":{"loc":{"start":{"line":106,"column":17},"end":{"line":106,"column":53}},"type":"binary-expr","locations":[{"start":{"line":106,"column":17},"end":{"line":106,"column":32}},{"start":{"line":106,"column":36},"end":{"line":106,"column":53}}]},"12":{"loc":{"start":{"line":115,"column":9},"end":{"line":122,"column":null}},"type":"binary-expr","locations":[{"start":{"line":115,"column":9},"end":{"line":115,"column":24}},{"start":{"line":115,"column":28},"end":{"line":122,"column":null}}]},"13":{"loc":{"start":{"line":121,"column":9},"end":{"line":121,"column":47}},"type":"cond-expr","locations":[{"start":{"line":121,"column":30},"end":{"line":121,"column":37}},{"start":{"line":121,"column":40},"end":{"line":121,"column":47}}]},"14":{"loc":{"start":{"line":131,"column":9},"end":{"line":136,"column":null}},"type":"binary-expr","locations":[{"start":{"line":131,"column":9},"end":{"line":131,"column":24}},{"start":{"line":132,"column":12},"end":{"line":136,"column":null}}]},"15":{"loc":{"start":{"line":133,"column":56},"end":{"line":133,"column":91}},"type":"cond-expr","locations":[{"start":{"line":133,"column":68},"end":{"line":133,"column":77}},{"start":{"line":133,"column":80},"end":{"line":133,"column":91}}]},"16":{"loc":{"start":{"line":134,"column":17},"end":{"line":134,"column":41}},"type":"cond-expr","locations":[{"start":{"line":134,"column":29},"end":{"line":134,"column":33}},{"start":{"line":134,"column":36},"end":{"line":134,"column":41}}]}},"s":{"0":1,"1":1,"2":1,"3":1,"4":1,"5":1,"6":1,"7":1,"8":1,"9":1,"10":4,"11":4,"12":4,"13":4,"14":4,"15":4,"16":4,"17":4,"18":1,"19":1,"20":1,"21":1,"22":1,"23":1,"24":0,"25":0,"26":0,"27":0,"28":4,"29":4,"30":4,"31":4,"32":4,"33":2,"34":1,"35":1,"36":1,"37":1,"38":1,"39":1,"40":2,"41":2,"42":2,"43":4,"44":0,"45":0,"46":0,"47":0,"48":0,"49":0,"50":0,"51":4,"52":12,"53":12,"54":12,"55":2,"56":1,"57":1},"f":{"0":4,"1":1,"2":2,"3":0,"4":0,"5":12,"6":2,"7":1},"b":{"0":[1,0],"1":[0,0],"2":[0],"3":[1,1],"4":[2,1],"5":[1],"6":[1,1],"7":[0,0],"8":[4,2],"9":[4,8],"10":[4,8],"11":[12,6],"12":[4,2],"13":[1,1],"14":[4,2],"15":[1,1],"16":[1,1]}}
}
