TN:
SF:resources/js/Components/ApplicationLogo.tsx
FN:1,ApplicationLogo
FNF:1
FNH:1
FNDA:4,ApplicationLogo
DA:1,1
DA:2,4
LF:2
LH:2
BRF:0
BRH:0
end_of_record
TN:
SF:resources/js/Components/PrimaryButton.tsx
FN:3,PrimaryButton
FNF:1
FNH:1
FNDA:6,PrimaryButton
DA:3,1
DA:4,6
LF:2
LH:2
BRDA:3,0,0,0
BRDA:9,1,0,6
BRDA:9,1,1,0
BRF:3
BRH:1
end_of_record
TN:
SF:resources/js/Layouts/BasicLayout.tsx
FN:5,BasicLayout
FNF:1
FNH:1
FNDA:4,BasicLayout
DA:1,1
DA:3,1
DA:5,1
DA:6,4
LF:4
LH:4
BRF:0
BRH:0
end_of_record
TN:
SF:resources/js/Pages/Parts/ProgressBar.tsx
FN:10,(anonymous_0)
FN:14,(anonymous_1)
FN:18,(anonymous_2)
FN:19,(anonymous_3)
FN:22,(anonymous_4)
FN:23,(anonymous_5)
FN:26,(anonymous_6)
FNF:7
FNH:3
FNDA:2,(anonymous_0)
FNDA:2,(anonymous_1)
FNDA:0,(anonymous_2)
FNDA:0,(anonymous_3)
FNDA:0,(anonymous_4)
FNDA:0,(anonymous_5)
FNDA:2,(anonymous_6)
DA:1,1
DA:2,1
DA:10,1
DA:11,2
DA:12,2
DA:14,2
DA:17,2
DA:18,2
DA:19,0
DA:22,2
DA:23,0
DA:26,2
DA:27,2
DA:32,2
DA:33,0
DA:40,2
DA:64,1
LF:17
LH:14
BRDA:17,0,0,2
BRDA:32,1,0,0
BRDA:51,2,0,0
BRDA:51,2,1,2
BRF:4
BRH:2
end_of_record
TN:
SF:resources/js/Pages/Parts/WorkSolveForm.tsx
FN:13,(anonymous_1)
FN:25,(anonymous_2)
FN:48,(anonymous_3)
FN:62,(anonymous_4)
FN:69,submit
FN:93,(anonymous_6)
FN:104,(anonymous_7)
FN:118,(anonymous_8)
FNF:8
FNH:6
FNDA:4,(anonymous_1)
FNDA:1,(anonymous_2)
FNDA:2,(anonymous_3)
FNDA:0,(anonymous_4)
FNDA:0,submit
FNDA:12,(anonymous_6)
FNDA:2,(anonymous_7)
FNDA:1,(anonymous_8)
DA:1,1
DA:2,1
DA:4,1
DA:5,1
DA:6,1
DA:7,1
DA:8,1
DA:9,1
DA:10,1
DA:13,1
DA:14,4
DA:15,4
DA:16,4
DA:17,4
DA:18,4
DA:19,4
DA:21,4
DA:25,4
DA:26,1
DA:27,1
DA:28,1
DA:29,1
DA:30,1
DA:31,1
DA:33,0
DA:34,0
DA:35,0
DA:36,0
DA:41,4
DA:42,4
DA:44,4
DA:45,4
DA:48,4
DA:49,2
DA:50,1
DA:51,1
DA:52,1
DA:53,1
DA:54,1
DA:55,1
DA:57,2
DA:58,2
DA:59,2
DA:62,4
DA:63,0
DA:64,0
DA:65,0
DA:70,0
DA:71,0
DA:72,0
DA:74,0
DA:78,4
DA:94,12
DA:95,12
DA:96,12
DA:104,2
DA:118,1
DA:145,1
LF:58
LH:47
BRDA:26,0,0,1
BRDA:26,0,1,0
BRDA:33,1,0,0
BRDA:33,1,1,0
BRDA:35,2,0,0
BRDA:49,3,0,1
BRDA:49,3,1,1
BRDA:49,4,0,2
BRDA:49,4,1,1
BRDA:54,5,0,1
BRDA:54,6,0,1
BRDA:54,6,1,1
BRDA:71,7,0,0
BRDA:71,7,1,0
BRDA:86,8,0,4
BRDA:86,8,1,2
BRDA:94,9,0,4
BRDA:94,9,1,8
BRDA:95,10,0,4
BRDA:95,10,1,8
BRDA:106,11,0,12
BRDA:106,11,1,6
BRDA:115,12,0,4
BRDA:115,12,1,2
BRDA:121,13,0,1
BRDA:121,13,1,1
BRDA:131,14,0,4
BRDA:131,14,1,2
BRDA:133,15,0,1
BRDA:133,15,1,1
BRDA:134,16,0,1
BRDA:134,16,1,1
BRF:32
BRH:26
end_of_record
